2024-05-11 10:25:10.515 [info] Log level: Info
2024-05-11 10:25:10.515 [info] Validating found git in: "git"
2024-05-11 10:25:10.515 [info] Using git "2.34.1" from "git"
2024-05-11 10:25:10.515 [info] > git rev-parse --show-toplevel [98ms]
2024-05-11 10:25:10.515 [info] fatal: not a git repository (or any of the parent directories): .git
2024-05-11 10:25:10.515 [info] > git rev-parse --show-toplevel [10ms]
2024-05-11 10:25:10.527 [info] > git rev-parse --git-dir --git-common-dir [3ms]
2024-05-11 10:25:10.554 [info] Open repository: /home/rayers/local_repo/codebox/RocketElevatorsDigitalPresence
2024-05-11 10:25:10.586 [info] > git config --get commit.template [13ms]
2024-05-11 10:25:10.595 [info] > git for-each-ref --format=%(refname)%00%(upstream:short)%00%(objectname)%00%(upstream:track)%00%(upstream:remotename)%00%(upstream:remoteref) refs/heads/develop refs/remotes/develop [14ms]
2024-05-11 10:25:10.628 [info] > git status -z -uall [18ms]
2024-05-11 10:25:10.665 [info] > git merge-base refs/heads/develop refs/remotes/origin/develop [25ms]
2024-05-11 10:25:10.680 [info] > git config --get commit.template [16ms]
2024-05-11 10:25:10.682 [info] > git rev-list --count --left-right refs/heads/develop...refs/remotes/origin/develop [7ms]
2024-05-11 10:25:10.716 [info] > git for-each-ref --format=%(refname)%00%(upstream:short)%00%(objectname)%00%(upstream:track)%00%(upstream:remotename)%00%(upstream:remoteref) refs/heads/develop refs/remotes/develop [6ms]
2024-05-11 10:25:10.717 [info] > git diff --name-status -z --diff-filter=ADMR c9095a826702ce5f7c7ac38432c1578211694ac6...refs/remotes/origin/develop [23ms]
2024-05-11 10:25:10.768 [info] > git status -z -uall [29ms]
2024-05-11 10:25:11.136 [info] > git check-ignore -v -z --stdin [4ms]
2024-05-11 10:25:11.643 [info] > git show --textconv :index.html [20ms]
2024-05-11 10:25:11.643 [info] > git ls-files --stage -- /home/rayers/local_repo/codebox/RocketElevatorsDigitalPresence/index.html [4ms]
2024-05-11 10:25:11.665 [info] > git cat-file -s 264b934e5356b7788e8f5099cac2889bbf5196cd [11ms]
