2024-05-12 22:36:57.113 [info] Log level: Info
2024-05-12 22:36:57.113 [info] Validating found git in: "git"
2024-05-12 22:36:57.113 [info] Using git "2.34.1" from "git"
2024-05-12 22:36:57.113 [info] > git rev-parse --show-toplevel [15ms]
2024-05-12 22:36:57.113 [info] fatal: not a git repository (or any of the parent directories): .git
2024-05-12 22:36:57.113 [info] > git rev-parse --show-toplevel [114ms]
2024-05-12 22:36:57.120 [info] > git rev-parse --git-dir --git-common-dir [12ms]
2024-05-12 22:36:57.171 [info] Open repository: /home/rayers/local_repo/codebox/RocketElevatorsDigitalPresence
2024-05-12 22:36:57.207 [info] > git config --get commit.template [6ms]
2024-05-12 22:36:57.233 [info] > git for-each-ref --format=%(refname)%00%(upstream:short)%00%(objectname)%00%(upstream:track)%00%(upstream:remotename)%00%(upstream:remoteref) refs/heads/develop refs/remotes/develop [14ms]
2024-05-12 22:36:57.267 [info] > git status -z -uall [14ms]
2024-05-12 22:36:57.327 [info] > git merge-base refs/heads/develop refs/remotes/origin/develop [42ms]
2024-05-12 22:36:57.349 [info] > git config --get commit.template [31ms]
2024-05-12 22:36:57.352 [info] > git rev-list --count --left-right refs/heads/develop...refs/remotes/origin/develop [10ms]
2024-05-12 22:36:57.389 [info] > git for-each-ref --format=%(refname)%00%(upstream:short)%00%(objectname)%00%(upstream:track)%00%(upstream:remotename)%00%(upstream:remoteref) refs/heads/develop refs/remotes/develop [5ms]
2024-05-12 22:36:57.390 [info] > git diff --name-status -z --diff-filter=ADMR c9095a826702ce5f7c7ac38432c1578211694ac6...refs/remotes/origin/develop [21ms]
2024-05-12 22:36:57.413 [info] > git status -z -uall [9ms]
2024-05-12 22:36:57.835 [info] > git check-ignore -v -z --stdin [4ms]
2024-05-12 22:37:31.386 [info] > git show --textconv :quote.html [38ms]
2024-05-12 22:37:31.389 [info] > git ls-files --stage -- /home/rayers/local_repo/codebox/RocketElevatorsDigitalPresence/quote.html [31ms]
2024-05-12 22:37:31.400 [info] > git cat-file -s 1d3fd5085ab564fb0d686cf6a0fd891d0c63f7b1 [4ms]
2024-05-12 22:37:52.624 [info] > git check-ignore -v -z --stdin [2ms]
2024-05-12 22:37:54.459 [info] > git show --textconv :assets/js/quotetest.html [7ms]
2024-05-12 22:37:54.462 [info] > git ls-files --stage -- /home/rayers/local_repo/codebox/RocketElevatorsDigitalPresence/assets/js/quotetest.html [3ms]
2024-05-12 22:37:54.470 [info] > git cat-file -s 018857c896166801d8d9ec92a5f1cc426357d59d [2ms]
2024-05-12 22:52:53.129 [info] > git rev-parse --show-toplevel [3ms]
2024-05-12 22:52:53.129 [info] fatal: not a git repository (or any of the parent directories): .git
2024-05-12 22:52:53.139 [info] > git rev-parse --show-toplevel [1ms]
2024-05-12 22:52:53.139 [info] fatal: not a git repository (or any of the parent directories): .git
2024-05-12 22:53:53.114 [info] > git rev-parse --show-toplevel [2ms]
2024-05-12 22:53:53.114 [info] fatal: not a git repository (or any of the parent directories): .git
2024-05-12 22:53:53.127 [info] > git rev-parse --show-toplevel [1ms]
2024-05-12 22:53:53.127 [info] fatal: not a git repository (or any of the parent directories): .git
2024-05-12 22:53:53.136 [info] > git rev-parse --show-toplevel [2ms]
2024-05-12 22:53:53.136 [info] fatal: not a git repository (or any of the parent directories): .git
2024-05-12 22:54:53.134 [info] > git rev-parse --show-toplevel [2ms]
2024-05-12 22:54:53.134 [info] fatal: not a git repository (or any of the parent directories): .git
2024-05-12 22:59:53.135 [info] > git rev-parse --show-toplevel [2ms]
2024-05-12 22:59:53.135 [info] fatal: not a git repository (or any of the parent directories): .git
2024-05-12 23:01:53.083 [info] > git rev-parse --show-toplevel [2ms]
2024-05-12 23:01:53.084 [info] fatal: not a git repository (or any of the parent directories): .git
2024-05-12 23:09:53.099 [info] > git rev-parse --show-toplevel [2ms]
2024-05-12 23:09:53.099 [info] fatal: not a git repository (or any of the parent directories): .git
2024-05-12 23:09:53.109 [info] > git rev-parse --show-toplevel [1ms]
2024-05-12 23:09:53.109 [info] fatal: not a git repository (or any of the parent directories): .git
2024-05-12 23:20:53.087 [info] > git rev-parse --show-toplevel [1ms]
2024-05-12 23:20:53.087 [info] fatal: not a git repository (or any of the parent directories): .git
