2024-05-11 08:53:50.604 [info] Log level: Info
2024-05-11 08:53:50.604 [info] Validating found git in: "git"
2024-05-11 08:53:50.604 [info] Using git "2.34.1" from "git"
2024-05-11 08:53:50.604 [info] > git rev-parse --show-toplevel [143ms]
2024-05-11 08:53:50.604 [info] fatal: not a git repository (or any of the parent directories): .git
2024-05-11 08:53:50.604 [info] > git rev-parse --show-toplevel [17ms]
2024-05-11 08:53:50.614 [info] > git rev-parse --git-dir --git-common-dir [2ms]
2024-05-11 08:53:50.643 [info] Open repository: /home/rayers/local_repo/codebox/RocketElevatorsDigitalPresence
2024-05-11 08:53:50.688 [info] > git config --get commit.template [20ms]
2024-05-11 08:53:50.727 [info] > git for-each-ref --format=%(refname)%00%(upstream:short)%00%(objectname)%00%(upstream:track)%00%(upstream:remotename)%00%(upstream:remoteref) refs/heads/develop refs/remotes/develop [27ms]
2024-05-11 08:53:50.758 [info] > git status -z -uall [15ms]
2024-05-11 08:53:50.815 [info] > git merge-base refs/heads/develop refs/remotes/origin/develop [42ms]
2024-05-11 08:53:50.832 [info] > git config --get commit.template [25ms]
2024-05-11 08:53:50.840 [info] > git rev-list --count --left-right refs/heads/develop...refs/remotes/origin/develop [13ms]
2024-05-11 08:53:50.865 [info] > git for-each-ref --format=%(refname)%00%(upstream:short)%00%(objectname)%00%(upstream:track)%00%(upstream:remotename)%00%(upstream:remoteref) refs/heads/develop refs/remotes/develop [5ms]
2024-05-11 08:53:50.866 [info] > git diff --name-status -z --diff-filter=ADMR c9095a826702ce5f7c7ac38432c1578211694ac6...refs/remotes/origin/develop [18ms]
2024-05-11 08:53:50.888 [info] > git status -z -uall [9ms]
2024-05-11 08:53:51.049 [info] > git show --textconv :quotetest.html [10ms]
2024-05-11 08:53:51.052 [info] > git ls-files --stage -- /home/rayers/local_repo/codebox/RocketElevatorsDigitalPresence/quotetest.html [5ms]
2024-05-11 08:53:51.061 [info] > git cat-file -s 78f566585ea5d29ed3b60ac25bfe78acace35a42 [2ms]
2024-05-11 08:53:51.231 [info] > git check-ignore -v -z --stdin [3ms]
2024-05-11 08:54:13.074 [info] > git show --textconv :quote.html [12ms]
2024-05-11 08:54:13.077 [info] > git ls-files --stage -- /home/rayers/local_repo/codebox/RocketElevatorsDigitalPresence/quote.html [5ms]
2024-05-11 08:54:13.089 [info] > git cat-file -s 1d3fd5085ab564fb0d686cf6a0fd891d0c63f7b1 [2ms]
2024-05-11 08:54:25.035 [info] > git show --textconv :quotetest.html [9ms]
2024-05-11 08:54:25.037 [info] > git ls-files --stage -- /home/rayers/local_repo/codebox/RocketElevatorsDigitalPresence/quotetest.html [3ms]
2024-05-11 08:54:25.046 [info] > git cat-file -s 78f566585ea5d29ed3b60ac25bfe78acace35a42 [3ms]
2024-05-11 08:54:54.330 [info] > git check-ignore -v -z --stdin [11ms]
2024-05-11 08:54:54.879 [info] > git show --textconv :assets/js/quote.js [16ms]
2024-05-11 08:54:54.882 [info] > git ls-files --stage -- /home/rayers/local_repo/codebox/RocketElevatorsDigitalPresence/assets/js/quote.js [7ms]
2024-05-11 08:54:54.918 [info] > git cat-file -s 68d2d5345a1073d9e8c8e1302a3a1bd7ba552b09 [25ms]
2024-05-11 08:54:55.008 [info] > git check-ignore -v -z --stdin [14ms]
2024-05-11 08:55:14.371 [info] > git show --textconv :quote.html [13ms]
2024-05-11 08:55:14.374 [info] > git ls-files --stage -- /home/rayers/local_repo/codebox/RocketElevatorsDigitalPresence/quote.html [5ms]
2024-05-11 08:55:14.388 [info] > git cat-file -s 1d3fd5085ab564fb0d686cf6a0fd891d0c63f7b1 [1ms]
2024-05-11 08:55:37.912 [info] > git show --textconv :quotetest.html [12ms]
2024-05-11 08:55:37.915 [info] > git ls-files --stage -- /home/rayers/local_repo/codebox/RocketElevatorsDigitalPresence/quotetest.html [4ms]
2024-05-11 08:55:37.926 [info] > git cat-file -s 78f566585ea5d29ed3b60ac25bfe78acace35a42 [2ms]
2024-05-11 08:55:39.858 [info] > git show --textconv :quote.html [36ms]
2024-05-11 08:55:39.858 [info] > git show --textconv :quotetest.html [26ms]
2024-05-11 08:55:39.858 [info] > git ls-files --stage -- /home/rayers/local_repo/codebox/RocketElevatorsDigitalPresence/quote.html [15ms]
2024-05-11 08:55:39.872 [info] > git cat-file -s 1d3fd5085ab564fb0d686cf6a0fd891d0c63f7b1 [5ms]
2024-05-11 08:55:39.873 [info] > git ls-files --stage -- /home/rayers/local_repo/codebox/RocketElevatorsDigitalPresence/quotetest.html [19ms]
2024-05-11 08:55:39.886 [info] > git cat-file -s 78f566585ea5d29ed3b60ac25bfe78acace35a42 [2ms]
2024-05-11 08:58:29.932 [info] > git show --textconv :quotetest.html [13ms]
2024-05-11 08:58:29.934 [info] > git ls-files --stage -- /home/rayers/local_repo/codebox/RocketElevatorsDigitalPresence/quotetest.html [3ms]
2024-05-11 08:58:29.947 [info] > git cat-file -s 78f566585ea5d29ed3b60ac25bfe78acace35a42 [2ms]
