2024-05-13 17:36:08.635 [info] Log level: Info
2024-05-13 17:36:08.635 [info] Validating found git in: "git"
2024-05-13 17:36:08.635 [info] Using git "2.34.1" from "git"
2024-05-13 17:36:08.635 [info] > git rev-parse --show-toplevel [34ms]
2024-05-13 17:36:08.635 [info] > git rev-parse --git-dir --git-common-dir [14ms]
2024-05-13 17:36:08.635 [info] Open repository: /home/rayers/local_repo/codebox/RocketElevatorsDigitalPresence
2024-05-13 17:36:08.641 [info] > git rev-parse --show-toplevel [43ms]
2024-05-13 17:36:08.648 [info] > git config --get commit.template [183ms]
2024-05-13 17:36:08.760 [info] > git rev-parse --show-toplevel [77ms]
2024-05-13 17:36:08.890 [info] > git rev-parse --show-toplevel [7ms]
2024-05-13 17:36:08.891 [info] > git for-each-ref --format=%(refname)%00%(upstream:short)%00%(objectname)%00%(upstream:track)%00%(upstream:remotename)%00%(upstream:remoteref) refs/heads/develop refs/remotes/develop [142ms]
2024-05-13 17:36:08.926 [info] > git rev-parse --show-toplevel [6ms]
2024-05-13 17:36:09.183 [info] > git rev-parse --show-toplevel [73ms]
2024-05-13 17:36:09.216 [info] > git check-ignore -v -z --stdin [40ms]
2024-05-13 17:36:09.443 [info] > git rev-parse --show-toplevel [230ms]
2024-05-13 17:36:09.473 [info] > git rev-parse --show-toplevel [11ms]
2024-05-13 17:36:12.425 [info] > git status -z -uall [3414ms]
2024-05-13 17:36:12.527 [info] > git merge-base refs/heads/develop refs/remotes/origin/develop [78ms]
2024-05-13 17:36:12.750 [info] > git rev-list --count --left-right refs/heads/develop...refs/remotes/origin/develop [202ms]
2024-05-13 17:36:12.765 [info] > git config --get commit.template [245ms]
2024-05-13 17:36:12.770 [info] > git diff --name-status -z --diff-filter=ADMR c9095a826702ce5f7c7ac38432c1578211694ac6...refs/remotes/origin/develop [6ms]
2024-05-13 17:36:12.789 [info] > git for-each-ref --format=%(refname)%00%(upstream:short)%00%(objectname)%00%(upstream:track)%00%(upstream:remotename)%00%(upstream:remoteref) refs/heads/develop refs/remotes/develop [3ms]
2024-05-13 17:36:13.399 [info] > git status -z -uall [565ms]
2024-05-13 17:38:23.010 [info] > git config --get commit.template [4ms]
2024-05-13 17:38:23.022 [info] > git for-each-ref --format=%(refname)%00%(upstream:short)%00%(objectname)%00%(upstream:track)%00%(upstream:remotename)%00%(upstream:remoteref) refs/heads/develop refs/remotes/develop [3ms]
2024-05-13 17:38:23.049 [info] > git status -z -uall [16ms]
2024-05-13 17:38:53.895 [info] > git show --textconv :index.html [83ms]
2024-05-13 17:38:53.897 [info] > git ls-files --stage -- /home/rayers/local_repo/codebox/RocketElevatorsDigitalPresence/index.html [63ms]
2024-05-13 17:38:53.921 [info] > git cat-file -s 264b934e5356b7788e8f5099cac2889bbf5196cd [10ms]
2024-05-13 17:41:12.128 [info] > git show --textconv :landing1.html [19ms]
2024-05-13 17:41:12.148 [info] > git ls-files --stage -- /home/rayers/local_repo/codebox/RocketElevatorsDigitalPresence/landing1.html [23ms]
2024-05-13 17:41:12.165 [info] > git cat-file -s 92187d9cf6fc5c8754e84a7c99b38fe3074a8ed7 [7ms]
2024-05-13 17:41:31.377 [info] > git show --textconv :residential.html [15ms]
2024-05-13 17:41:31.381 [info] > git ls-files --stage -- /home/rayers/local_repo/codebox/RocketElevatorsDigitalPresence/residential.html [6ms]
2024-05-13 17:41:31.397 [info] > git cat-file -s af9a005055f674ff27edaccf9678e2605f15209e [4ms]
2024-05-13 17:49:17.180 [info] > git config --get commit.template [28ms]
2024-05-13 17:49:17.183 [info] > git for-each-ref --format=%(refname)%00%(upstream:short)%00%(objectname)%00%(upstream:track)%00%(upstream:remotename)%00%(upstream:remoteref) refs/heads/develop refs/remotes/develop [6ms]
2024-05-13 17:49:17.236 [info] > git status -z -uall [29ms]
2024-05-13 17:49:56.334 [info] > git config --get commit.template [2ms]
2024-05-13 17:49:56.354 [info] > git for-each-ref --format=%(refname)%00%(upstream:short)%00%(objectname)%00%(upstream:track)%00%(upstream:remotename)%00%(upstream:remoteref) refs/heads/develop refs/remotes/develop [4ms]
2024-05-13 17:49:56.376 [info] > git status -z -uall [8ms]
2024-05-13 17:49:56.421 [info] > git merge-base refs/heads/develop refs/remotes/origin/develop [31ms]
2024-05-13 17:49:56.437 [info] > git ls-files --stage -- /home/rayers/local_repo/codebox/RocketElevatorsDigitalPresence/residential.html [16ms]
2024-05-13 17:49:56.450 [info] > git rev-list --count --left-right refs/heads/develop...refs/remotes/origin/develop [16ms]
2024-05-13 17:49:56.480 [info] > git cat-file -s af9a005055f674ff27edaccf9678e2605f15209e [31ms]
2024-05-13 17:49:56.486 [info] > git diff --name-status -z --diff-filter=ADMR c9095a826702ce5f7c7ac38432c1578211694ac6...refs/remotes/origin/develop [17ms]
2024-05-13 17:49:56.629 [info] > git show --textconv :residential.html [10ms]
2024-05-13 17:50:07.784 [info] > git config --get commit.template [4ms]
2024-05-13 17:50:07.801 [info] > git for-each-ref --format=%(refname)%00%(upstream:short)%00%(objectname)%00%(upstream:track)%00%(upstream:remotename)%00%(upstream:remoteref) refs/heads/develop refs/remotes/develop [3ms]
2024-05-13 17:50:07.823 [info] > git status -z -uall [9ms]
