2024-05-11 10:26:20.202 [info] Log level: Info
2024-05-11 10:26:20.202 [info] Validating found git in: "git"
2024-05-11 10:26:20.202 [info] Using git "2.34.1" from "git"
2024-05-11 10:26:20.202 [info] > git rev-parse --show-toplevel [124ms]
2024-05-11 10:26:20.202 [info] fatal: not a git repository (or any of the parent directories): .git
2024-05-11 10:26:20.202 [info] > git rev-parse --show-toplevel [22ms]
2024-05-11 10:26:20.203 [info] > git rev-parse --git-dir --git-common-dir [2ms]
2024-05-11 10:26:20.235 [info] Open repository: /home/rayers/local_repo/codebox/RocketElevatorsDigitalPresence
2024-05-11 10:26:20.256 [info] > git config --get commit.template [4ms]
2024-05-11 10:26:20.267 [info] > git for-each-ref --format=%(refname)%00%(upstream:short)%00%(objectname)%00%(upstream:track)%00%(upstream:remotename)%00%(upstream:remoteref) refs/heads/develop refs/remotes/develop [2ms]
2024-05-11 10:26:20.287 [info] > git status -z -uall [8ms]
2024-05-11 10:26:20.377 [info] > git merge-base refs/heads/develop refs/remotes/origin/develop [76ms]
2024-05-11 10:26:20.398 [info] > git config --get commit.template [52ms]
2024-05-11 10:26:20.408 [info] > git rev-list --count --left-right refs/heads/develop...refs/remotes/origin/develop [21ms]
2024-05-11 10:26:20.430 [info] > git for-each-ref --format=%(refname)%00%(upstream:short)%00%(objectname)%00%(upstream:track)%00%(upstream:remotename)%00%(upstream:remoteref) refs/heads/develop refs/remotes/develop [3ms]
2024-05-11 10:26:20.431 [info] > git diff --name-status -z --diff-filter=ADMR c9095a826702ce5f7c7ac38432c1578211694ac6...refs/remotes/origin/develop [13ms]
2024-05-11 10:26:20.451 [info] > git status -z -uall [8ms]
2024-05-11 10:26:20.654 [info] > git show --textconv :index.html [12ms]
2024-05-11 10:26:20.657 [info] > git ls-files --stage -- /home/rayers/local_repo/codebox/RocketElevatorsDigitalPresence/index.html [6ms]
2024-05-11 10:26:20.667 [info] > git cat-file -s 264b934e5356b7788e8f5099cac2889bbf5196cd [2ms]
2024-05-11 10:26:20.844 [info] > git check-ignore -v -z --stdin [4ms]
2024-05-11 10:28:39.332 [info] > git show --textconv :commercial.html [16ms]
2024-05-11 10:28:39.338 [info] > git ls-files --stage -- /home/rayers/local_repo/codebox/RocketElevatorsDigitalPresence/commercial.html [7ms]
2024-05-11 10:28:39.356 [info] > git cat-file -s cf441f25963369b610bd08bcef193cde8ecc29d6 [9ms]
2024-05-11 10:29:04.397 [info] > git show --textconv :commercial.html [8ms]
2024-05-11 10:29:04.400 [info] > git ls-files --stage -- /home/rayers/local_repo/codebox/RocketElevatorsDigitalPresence/commercial.html [3ms]
2024-05-11 10:29:04.408 [info] > git cat-file -s cf441f25963369b610bd08bcef193cde8ecc29d6 [2ms]
2024-05-11 10:29:20.802 [info] > git show --textconv :index.html [17ms]
2024-05-11 10:29:20.805 [info] > git ls-files --stage -- /home/rayers/local_repo/codebox/RocketElevatorsDigitalPresence/index.html [8ms]
2024-05-11 10:29:20.819 [info] > git cat-file -s 264b934e5356b7788e8f5099cac2889bbf5196cd [2ms]
