2024-05-27 17:28:48.604 [info] Log level: Info
2024-05-27 17:28:48.605 [info] Validating found git in: "git"
2024-05-27 17:28:48.605 [info] Using git "2.34.1" from "git"
2024-05-27 17:28:48.605 [info] > git rev-parse --show-toplevel [80ms]
2024-05-27 17:28:48.615 [info] > git rev-parse --git-dir --git-common-dir [16ms]
2024-05-27 17:28:48.742 [info] Open repository: /home/rayers/local_repo/codebox/RocketElevatorsDigitalPresence
2024-05-27 17:28:49.373 [info] > git rev-parse --show-toplevel [182ms]
2024-05-27 17:28:49.386 [info] > git config --get commit.template [446ms]
2024-05-27 17:28:50.023 [info] > git rev-parse --show-toplevel [162ms]
2024-05-27 17:28:50.026 [info] > git for-each-ref --format=%(refname)%00%(upstream:short)%00%(objectname)%00%(upstream:track)%00%(upstream:remotename)%00%(upstream:remoteref) refs/heads/develop refs/remotes/develop [301ms]
2024-05-27 17:28:50.096 [info] > git check-ignore -v -z --stdin [97ms]
2024-05-27 17:28:50.107 [info] > git rev-parse --show-toplevel [39ms]
2024-05-27 17:28:50.544 [info] > git rev-parse --show-toplevel [336ms]
2024-05-27 17:28:50.980 [info] > git status -z -uall [483ms]
2024-05-27 17:28:50.992 [info] > git rev-parse --show-toplevel [140ms]
2024-05-27 17:28:51.491 [info] > git merge-base refs/heads/develop refs/remotes/origin/develop [410ms]
2024-05-27 17:28:51.549 [info] > git config --get commit.template [292ms]
2024-05-27 17:28:51.550 [info] > git rev-parse --show-toplevel [371ms]
2024-05-27 17:28:51.587 [info] > git rev-list --count --left-right refs/heads/develop...refs/remotes/origin/develop [77ms]
2024-05-27 17:28:51.703 [info] > git rev-parse --show-toplevel [126ms]
2024-05-27 17:28:51.807 [info] > git show --textconv :index.html [31ms]
2024-05-27 17:28:51.835 [info] > git for-each-ref --format=%(refname)%00%(upstream:short)%00%(objectname)%00%(upstream:track)%00%(upstream:remotename)%00%(upstream:remoteref) refs/heads/develop refs/remotes/develop [151ms]
2024-05-27 17:28:51.836 [info] > git diff --name-status -z --diff-filter=ADMR c2815403430da4829164a3884e44ceff51fa6bc9...refs/remotes/origin/develop [195ms]
2024-05-27 17:28:52.012 [info] > git ls-files --stage -- /home/rayers/local_repo/codebox/RocketElevatorsDigitalPresence/index.html [210ms]
2024-05-27 17:28:52.052 [info] > git cat-file -s 558f620cf4a4e5d6cf6578c71bd2edac3ccb7a41 [17ms]
2024-05-27 17:28:52.215 [info] > git status -z -uall [45ms]
2024-05-27 17:28:56.399 [info] > git check-ignore -v -z --stdin [5ms]
2024-05-27 17:29:04.175 [info] > git check-ignore -v -z --stdin [42ms]
2024-05-27 17:29:08.288 [info] > git check-ignore -v -z --stdin [3ms]
2024-05-27 17:29:10.478 [info] > git check-ignore -v -z --stdin [2ms]
2024-05-27 17:29:11.230 [info] > git show --textconv :demo_files/readme.txt [13ms]
2024-05-27 17:29:11.234 [info] > git ls-files --stage -- /home/rayers/local_repo/codebox/RocketElevatorsDigitalPresence/demo_files/readme.txt [6ms]
2024-05-27 17:29:11.256 [info] > git cat-file -s 925795af31bb2e2b3e761eeda792ae3851ac6b08 [3ms]
2024-05-27 17:29:24.723 [info] > git check-ignore -v -z --stdin [3ms]
2024-05-27 17:29:25.643 [info] > git check-ignore -v -z --stdin [3ms]
2024-05-27 17:29:30.659 [info] > git check-ignore -v -z --stdin [3ms]
2024-05-27 17:29:34.861 [info] > git check-ignore -v -z --stdin [4ms]
