2024-05-09 17:59:48.885 [info] Log level: Info
2024-05-09 17:59:48.886 [info] Validating found git in: "git"
2024-05-09 17:59:48.886 [info] Using git "2.34.1" from "git"
2024-05-09 17:59:48.886 [info] > git rev-parse --show-toplevel [17ms]
2024-05-09 17:59:48.886 [info] fatal: not a git repository (or any of the parent directories): .git
2024-05-09 17:59:48.886 [info] > git rev-parse --show-toplevel [215ms]
2024-05-09 17:59:48.886 [info] > git rev-parse --git-dir --git-common-dir [6ms]
2024-05-09 17:59:48.886 [info] Open repository: /home/rayers/local_repo/codebox/RocketElevatorsDigitalPresence
2024-05-09 17:59:48.910 [info] > git config --get commit.template [7ms]
2024-05-09 17:59:48.934 [info] > git for-each-ref --format=%(refname)%00%(upstream:short)%00%(objectname)%00%(upstream:track)%00%(upstream:remotename)%00%(upstream:remoteref) refs/heads/develop refs/remotes/develop [7ms]
2024-05-09 17:59:48.971 [info] > git status -z -uall [16ms]
2024-05-09 17:59:49.054 [info] > git merge-base refs/heads/develop refs/remotes/origin/develop [60ms]
2024-05-09 17:59:49.076 [info] > git config --get commit.template [28ms]
2024-05-09 17:59:49.083 [info] > git rev-list --count --left-right refs/heads/develop...refs/remotes/origin/develop [13ms]
2024-05-09 17:59:49.136 [info] > git for-each-ref --format=%(refname)%00%(upstream:short)%00%(objectname)%00%(upstream:track)%00%(upstream:remotename)%00%(upstream:remoteref) refs/heads/develop refs/remotes/develop [15ms]
2024-05-09 17:59:49.137 [info] > git diff --name-status -z --diff-filter=ADMR c9095a826702ce5f7c7ac38432c1578211694ac6...refs/remotes/origin/develop [39ms]
2024-05-09 17:59:49.179 [info] > git status -z -uall [23ms]
2024-05-09 17:59:49.658 [info] > git check-ignore -v -z --stdin [9ms]
2024-05-09 17:59:55.556 [info] > git show --textconv :quote.html [57ms]
2024-05-09 17:59:55.557 [info] > git ls-files --stage -- /home/rayers/local_repo/codebox/RocketElevatorsDigitalPresence/quote.html [46ms]
2024-05-09 17:59:55.575 [info] > git cat-file -s 1d3fd5085ab564fb0d686cf6a0fd891d0c63f7b1 [7ms]
2024-05-09 18:01:02.246 [info] > git show --textconv :quotetest.html [45ms]
2024-05-09 18:01:02.291 [info] > git ls-files --stage -- /home/rayers/local_repo/codebox/RocketElevatorsDigitalPresence/quotetest.html [62ms]
2024-05-09 18:01:02.324 [info] > git cat-file -s 78f566585ea5d29ed3b60ac25bfe78acace35a42 [15ms]
2024-05-09 18:01:10.975 [info] > git show --textconv :quote.css [18ms]
2024-05-09 18:01:10.976 [info] > git ls-files --stage -- /home/rayers/local_repo/codebox/RocketElevatorsDigitalPresence/quote.css [4ms]
2024-05-09 18:01:10.990 [info] > git cat-file -s e69de29bb2d1d6434b8b29ae775ad8c2e48c5391 [4ms]
2024-05-09 18:01:14.274 [info] > git check-ignore -v -z --stdin [4ms]
2024-05-09 18:01:21.459 [info] > git check-ignore -v -z --stdin [2ms]
2024-05-09 18:01:25.150 [info] > git show --textconv :quote.html [12ms]
2024-05-09 18:01:25.152 [info] > git ls-files --stage -- /home/rayers/local_repo/codebox/RocketElevatorsDigitalPresence/quote.html [5ms]
2024-05-09 18:01:25.165 [info] > git cat-file -s 1d3fd5085ab564fb0d686cf6a0fd891d0c63f7b1 [3ms]
2024-05-09 18:01:49.213 [info] > git show --textconv :quotetest.html [10ms]
2024-05-09 18:01:49.215 [info] > git ls-files --stage -- /home/rayers/local_repo/codebox/RocketElevatorsDigitalPresence/quotetest.html [3ms]
2024-05-09 18:01:49.225 [info] > git cat-file -s 78f566585ea5d29ed3b60ac25bfe78acace35a42 [2ms]
