2024-05-09 17:53:07.633 [info] Log level: Info
2024-05-09 17:53:07.633 [info] Validating found git in: "git"
2024-05-09 17:53:07.633 [info] Using git "2.34.1" from "git"
2024-05-09 17:53:07.633 [info] > git rev-parse --show-toplevel [47ms]
2024-05-09 17:53:07.643 [info] > git rev-parse --git-dir --git-common-dir [16ms]
2024-05-09 17:53:07.740 [info] Open repository: /home/rayers/local_repo/codebox/RocketElevatorsDigitalPresence
2024-05-09 17:53:07.808 [info] > git rev-parse --show-toplevel [12ms]
2024-05-09 17:53:07.812 [info] > git config --get commit.template [32ms]
2024-05-09 17:53:07.901 [info] > git rev-parse --show-toplevel [65ms]
2024-05-09 17:53:07.933 [info] > git for-each-ref --format=%(refname)%00%(upstream:short)%00%(objectname)%00%(upstream:track)%00%(upstream:remotename)%00%(upstream:remoteref) refs/heads/develop refs/remotes/develop [47ms]
2024-05-09 17:53:07.944 [info] > git rev-parse --show-toplevel [15ms]
2024-05-09 17:53:07.989 [info] > git rev-parse --show-toplevel [28ms]
2024-05-09 17:53:08.352 [info] > git status -z -uall [146ms]
2024-05-09 17:53:08.353 [info] > git rev-parse --show-toplevel [168ms]
2024-05-09 17:53:08.480 [info] > git check-ignore -v -z --stdin [40ms]
2024-05-09 17:53:08.485 [info] > git merge-base refs/heads/develop refs/remotes/origin/develop [92ms]
2024-05-09 17:53:08.507 [info] > git rev-parse --show-toplevel [136ms]
2024-05-09 17:53:08.543 [info] > git rev-list --count --left-right refs/heads/develop...refs/remotes/origin/develop [37ms]
2024-05-09 17:53:08.565 [info] > git config --get commit.template [101ms]
2024-05-09 17:53:08.571 [info] > git diff --name-status -z --diff-filter=ADMR c9095a826702ce5f7c7ac38432c1578211694ac6...refs/remotes/origin/develop [10ms]
2024-05-09 17:53:08.598 [info] > git for-each-ref --format=%(refname)%00%(upstream:short)%00%(objectname)%00%(upstream:track)%00%(upstream:remotename)%00%(upstream:remoteref) refs/heads/develop refs/remotes/develop [7ms]
2024-05-09 17:53:08.649 [info] > git status -z -uall [29ms]
2024-05-09 17:53:54.817 [info] > git show --textconv :quote.css [68ms]
2024-05-09 17:53:54.818 [info] > git ls-files --stage -- /home/rayers/local_repo/codebox/RocketElevatorsDigitalPresence/quote.css [55ms]
2024-05-09 17:53:54.834 [info] > git cat-file -s e69de29bb2d1d6434b8b29ae775ad8c2e48c5391 [6ms]
2024-05-09 17:53:58.371 [info] > git show --textconv :quote.html [63ms]
2024-05-09 17:53:58.372 [info] > git ls-files --stage -- /home/rayers/local_repo/codebox/RocketElevatorsDigitalPresence/quote.html [51ms]
2024-05-09 17:53:58.390 [info] > git cat-file -s 1d3fd5085ab564fb0d686cf6a0fd891d0c63f7b1 [7ms]
2024-05-09 17:54:26.974 [info] > git show --textconv :quote.css [13ms]
2024-05-09 17:54:26.977 [info] > git ls-files --stage -- /home/rayers/local_repo/codebox/RocketElevatorsDigitalPresence/quote.css [4ms]
2024-05-09 17:54:26.986 [info] > git cat-file -s e69de29bb2d1d6434b8b29ae775ad8c2e48c5391 [2ms]
2024-05-09 17:58:41.633 [info] > git check-ignore -v -z --stdin [2ms]
2024-05-09 17:58:44.342 [info] > git check-ignore -v -z --stdin [1ms]
2024-05-09 17:58:51.765 [info] > git show --textconv :quotetest.html [13ms]
2024-05-09 17:58:51.773 [info] > git ls-files --stage -- /home/rayers/local_repo/codebox/RocketElevatorsDigitalPresence/quotetest.html [10ms]
2024-05-09 17:58:51.783 [info] > git cat-file -s 78f566585ea5d29ed3b60ac25bfe78acace35a42 [2ms]
