2024-05-12 23:32:18.505 [info] Log level: Info
2024-05-12 23:32:18.505 [info] Validating found git in: "git"
2024-05-12 23:32:18.505 [info] Using git "2.34.1" from "git"
2024-05-12 23:32:18.505 [info] > git rev-parse --show-toplevel [11ms]
2024-05-12 23:32:18.505 [info] fatal: not a git repository (or any of the parent directories): .git
2024-05-12 23:32:18.643 [info] > git rev-parse --show-toplevel [144ms]
2024-05-12 23:32:18.687 [info] > git rev-parse --git-dir --git-common-dir [7ms]
2024-05-12 23:32:18.738 [info] Open repository: /home/rayers/local_repo/codebox/RocketElevatorsDigitalPresence
2024-05-12 23:32:18.801 [info] > git config --get commit.template [12ms]
2024-05-12 23:32:18.846 [info] > git for-each-ref --format=%(refname)%00%(upstream:short)%00%(objectname)%00%(upstream:track)%00%(upstream:remotename)%00%(upstream:remoteref) refs/heads/develop refs/remotes/develop [28ms]
2024-05-12 23:32:18.934 [info] > git status -z -uall [60ms]
2024-05-12 23:32:19.048 [info] > git merge-base refs/heads/develop refs/remotes/origin/develop [93ms]
2024-05-12 23:32:19.086 [info] > git config --get commit.template [83ms]
2024-05-12 23:32:19.092 [info] > git rev-list --count --left-right refs/heads/develop...refs/remotes/origin/develop [21ms]
2024-05-12 23:32:19.142 [info] > git for-each-ref --format=%(refname)%00%(upstream:short)%00%(objectname)%00%(upstream:track)%00%(upstream:remotename)%00%(upstream:remoteref) refs/heads/develop refs/remotes/develop [8ms]
2024-05-12 23:32:19.144 [info] > git diff --name-status -z --diff-filter=ADMR c9095a826702ce5f7c7ac38432c1578211694ac6...refs/remotes/origin/develop [31ms]
2024-05-12 23:32:19.189 [info] > git status -z -uall [16ms]
2024-05-12 23:32:19.560 [info] > git check-ignore -v -z --stdin [9ms]
2024-05-12 23:32:25.849 [info] > git show --textconv :assets/js/quotetest.html [27ms]
2024-05-12 23:32:25.857 [info] > git ls-files --stage -- /home/rayers/local_repo/codebox/RocketElevatorsDigitalPresence/assets/js/quotetest.html [14ms]
2024-05-12 23:32:25.881 [info] > git cat-file -s 018857c896166801d8d9ec92a5f1cc426357d59d [7ms]
2024-05-12 23:32:54.599 [info] > git check-ignore -v -z --stdin [4ms]
2024-05-12 23:32:57.383 [info] > git show --textconv :quote.html [11ms]
2024-05-12 23:32:57.387 [info] > git ls-files --stage -- /home/rayers/local_repo/codebox/RocketElevatorsDigitalPresence/quote.html [6ms]
2024-05-12 23:32:57.399 [info] > git cat-file -s 1d3fd5085ab564fb0d686cf6a0fd891d0c63f7b1 [3ms]
2024-05-12 23:33:29.275 [info] > git check-ignore -v -z --stdin [2ms]
2024-05-12 23:33:32.995 [info] > git show --textconv :assets/js/quotetest.html [15ms]
2024-05-12 23:33:32.999 [info] > git ls-files --stage -- /home/rayers/local_repo/codebox/RocketElevatorsDigitalPresence/assets/js/quotetest.html [9ms]
2024-05-12 23:33:33.014 [info] > git cat-file -s 018857c896166801d8d9ec92a5f1cc426357d59d [4ms]
